This is pdfTeX, Version 3.1415926-2.5-1.40.14 (TeX Live 2013/MacPorts 2013_5) (format=pdflatex 2014.2.23)  20 MAR 2014 18:35
entering extended mode
 restricted \write18 enabled.
 %&-line parsing enabled.
**elsarticle-template-num.tex
(./elsarticle-template-num.tex
LaTeX2e <2011/06/27>
Babel <3.9f> and hyphenation patterns for 43 languages loaded.
(./elsarticle.cls
Document Class: elsarticle 2009/09/17, 1.20b: Elsevier Ltd
\@bls=\dimen102
(/opt/local/share/texmf-texlive/tex/latex/base/article.cls
Document Class: article 2007/10/19 v1.4h Standard LaTeX document class
(/opt/local/share/texmf-texlive/tex/latex/base/size12.clo
File: size12.clo 2007/10/19 v1.4h Standard LaTeX file (size option)
)
\c@part=\count79
\c@section=\count80
\c@subsection=\count81
\c@subsubsection=\count82
\c@paragraph=\count83
\c@subparagraph=\count84
\c@figure=\count85
\c@table=\count86
\abovecaptionskip=\skip41
\belowcaptionskip=\skip42
\bibindent=\dimen103
)
(/opt/local/share/texmf-texlive/tex/latex/graphics/graphicx.sty
Package: graphicx 1999/02/16 v1.0f Enhanced LaTeX Graphics (DPC,SPQR)

(/opt/local/share/texmf-texlive/tex/latex/graphics/keyval.sty
Package: keyval 1999/03/16 v1.13 key=value parser (DPC)
\KV@toks@=\toks14
)
(/opt/local/share/texmf-texlive/tex/latex/graphics/graphics.sty
Package: graphics 2009/02/05 v1.0o Standard LaTeX Graphics (DPC,SPQR)

(/opt/local/share/texmf-texlive/tex/latex/graphics/trig.sty
Package: trig 1999/03/16 v1.09 sin cos tan (DPC)
)
(/opt/local/share/texmf-texlive/tex/latex/latexconfig/graphics.cfg
File: graphics.cfg 2010/04/23 v1.9 graphics configuration of TeX Live
)
Package graphics Info: Driver file: pdftex.def on input line 91.

(/opt/local/share/texmf-texlive/tex/latex/pdftex-def/pdftex.def
File: pdftex.def 2011/05/27 v0.06d Graphics/color for pdfTeX

(/opt/local/share/texmf-texlive/tex/generic/oberdiek/infwarerr.sty
Package: infwarerr 2010/04/08 v1.3 Providing info/warning/error messages (HO)
)
(/opt/local/share/texmf-texlive/tex/generic/oberdiek/ltxcmds.sty
Package: ltxcmds 2011/11/09 v1.22 LaTeX kernel commands for general use (HO)
)
\Gread@gobject=\count87
))
\Gin@req@height=\dimen104
\Gin@req@width=\dimen105
)
(/opt/local/share/texmf-texlive/tex/latex/psnfss/pifont.sty
Package: pifont 2005/04/12 PSNFSS-v9.2a Pi font support (SPQR) 
LaTeX Font Info:    Try loading font information for U+pzd on input line 63.

(/opt/local/share/texmf-texlive/tex/latex/psnfss/upzd.fd
File: upzd.fd 2001/06/04 font definitions for U/pzd.
)
LaTeX Font Info:    Try loading font information for U+psy on input line 64.

(/opt/local/share/texmf-texlive/tex/latex/psnfss/upsy.fd
File: upsy.fd 2001/06/04 font definitions for U/psy.
))
\c@tnote=\count88
\c@fnote=\count89
\c@cnote=\count90
\c@ead=\count91
\c@author=\count92
\@eadauthor=\toks15
\c@affn=\count93
\absbox=\box26
\keybox=\box27
\Columnwidth=\dimen106
\space@left=\dimen107
\els@boxa=\box28
\els@boxb=\box29
\leftMargin=\dimen108
\@enLab=\toks16
\@sep=\skip43
\@@sep=\skip44

(./elsarticle-template-num.spl)
(/opt/local/share/texmf-texlive/tex/latex/natbib/natbib.sty
Package: natbib 2010/09/13 8.31b (PWD, AO)
\bibhang=\skip45
\bibsep=\skip46
LaTeX Info: Redefining \cite on input line 694.
\c@NAT@ctr=\count94
)
\splwrite=\write3
\openout3 = `elsarticle-template-num.spl'.

\appnamewidth=\dimen109
)
(/opt/local/share/texmf-texlive/tex/latex/amsfonts/amssymb.sty
Package: amssymb 2013/01/14 v3.01 AMS font symbols

(/opt/local/share/texmf-texlive/tex/latex/amsfonts/amsfonts.sty
Package: amsfonts 2013/01/14 v3.01 Basic AMSFonts support
\@emptytoks=\toks17
\symAMSa=\mathgroup4
\symAMSb=\mathgroup5
LaTeX Font Info:    Overwriting math alphabet `\mathfrak' in version `bold'
(Font)                  U/euf/m/n --> U/euf/b/n on input line 106.
))
(/opt/local/share/texmf-texlive/tex/latex/amscls/amsthm.sty
Package: amsthm 2004/08/06 v2.20
\thm@style=\toks18
\thm@bodyfont=\toks19
\thm@headfont=\toks20
\thm@notefont=\toks21
\thm@headpunct=\toks22
\thm@preskip=\skip47
\thm@postskip=\skip48
\thm@headsep=\skip49
\dth@everypar=\toks23
LaTeX Info: Redefining \qed on input line 283.
)
(/opt/local/share/texmf-texlive/tex/latex/graphics/color.sty
Package: color 2005/11/14 v1.0j Standard LaTeX Color (DPC)

(/opt/local/share/texmf-texlive/tex/latex/latexconfig/color.cfg
File: color.cfg 2007/01/18 v1.5 color configuration of teTeX/TeXLive
)
Package color Info: Driver file: pdftex.def on input line 130.
)
(/opt/local/share/texmf-texlive/tex/latex/listings/listings.sty
\lst@mode=\count95
\lst@gtempboxa=\box30
\lst@token=\toks24
\lst@length=\count96
\lst@currlwidth=\dimen110
\lst@column=\count97
\lst@pos=\count98
\lst@lostspace=\dimen111
\lst@width=\dimen112
\lst@newlines=\count99
\lst@lineno=\count100
\lst@maxwidth=\dimen113

(/opt/local/share/texmf-texlive/tex/latex/listings/lstmisc.sty
File: lstmisc.sty 2007/02/22 1.4 (Carsten Heinz)
\c@lstnumber=\count101
\lst@skipnumbers=\count102
\lst@framebox=\box31
)
(/opt/local/share/texmf-texlive/tex/latex/listings/listings.cfg
File: listings.cfg 2007/02/22 1.4 listings configuration
))
Package: listings 2007/02/22 1.4 (Carsten Heinz)

(/opt/local/share/texmf-texlive/tex/latex/subfig/subfig.sty
Package: subfig 2005/06/28 ver: 1.3 subfig package

(/opt/local/share/texmf-texlive/tex/latex/caption/caption.sty
Package: caption 2013/05/02 v3.3-89 Customizing captions (AR)

(/opt/local/share/texmf-texlive/tex/latex/caption/caption3.sty
Package: caption3 2013/05/02 v1.6-88 caption3 kernel (AR)
Package caption3 Info: TeX engine: e-TeX on input line 57.
\captionmargin=\dimen114
\captionmargin@=\dimen115
\captionwidth=\dimen116
\caption@tempdima=\dimen117
\caption@indent=\dimen118
\caption@parindent=\dimen119
\caption@hangindent=\dimen120
)
\c@ContinuedFloat=\count103
Package caption Info: listings package is loaded.
)
\c@KVtest=\count104
\sf@farskip=\skip50
\sf@captopadj=\dimen121
\sf@capskip=\skip51
\sf@nearskip=\skip52
\c@subfigure=\count105
\c@subfigure@save=\count106
\c@lofdepth=\count107
\c@subtable=\count108
\c@subtable@save=\count109
\c@lotdepth=\count110
\sf@top=\skip53
\sf@bottom=\skip54
)
(/opt/local/share/texmf-texlive/tex/latex/float/float.sty
Package: float 2001/11/08 v1.3d Float enhancements (AL)
\c@float@type=\count111
\float@exts=\toks25
\float@box=\box32
\@float@everytoks=\toks26
\@floatcapt=\box33
)
(/opt/local/share/texmf-texlive/tex/latex/tools/longtable.sty
Package: longtable 2004/02/01 v4.11 Multi-page Table package (DPC)
\LTleft=\skip55
\LTright=\skip56
\LTpre=\skip57
\LTpost=\skip58
\LTchunksize=\count112
\LTcapwidth=\dimen122
\LT@head=\box34
\LT@firsthead=\box35
\LT@foot=\box36
\LT@lastfoot=\box37
\LT@cols=\count113
\LT@rows=\count114
\c@LT@tables=\count115
\c@LT@chunks=\count116
\LT@p@ftn=\toks27
)
(/opt/local/share/texmf-texlive/tex/latex/supertabular/supertabular.sty
Package: supertabular 2004/02/20 v4.1e the supertabular environment
\c@tracingst=\count117
\ST@wd=\dimen123
\ST@rightskip=\skip59
\ST@leftskip=\skip60
\ST@parfillskip=\skip61
\ST@pageleft=\dimen124
\ST@headht=\dimen125
\ST@tailht=\dimen126
\ST@pagesofar=\dimen127
\ST@pboxht=\dimen128
\ST@lineht=\dimen129
\ST@stretchht=\dimen130
\ST@prevht=\dimen131
\ST@toadd=\dimen132
\ST@dimen=\dimen133
\ST@pbox=\box38
)
(/opt/local/share/texmf-texlive/tex/latex/pbox/pbox.sty
Package: pbox 2011/12/07 v1.2 Dynamic parboxes

(/opt/local/share/texmf-texlive/tex/latex/tools/calc.sty
Package: calc 2007/08/22 v4.3 Infix arithmetic (KKT,FJ)
\calc@Acount=\count118
\calc@Bcount=\count119
\calc@Adimen=\dimen134
\calc@Bdimen=\dimen135
\calc@Askip=\skip62
\calc@Bskip=\skip63
LaTeX Info: Redefining \setlength on input line 76.
LaTeX Info: Redefining \addtolength on input line 77.
\calc@Ccount=\count120
\calc@Cskip=\skip64
)
(/opt/local/share/texmf-texlive/tex/latex/base/ifthen.sty
Package: ifthen 2001/05/26 v1.1c Standard LaTeX ifthen package (DPC)
)
\pb@xlen=\skip65
)
(/opt/local/share/texmf-texlive/tex/latex/amsmath/amsmath.sty
Package: amsmath 2013/01/14 v2.14 AMS math features
\@mathmargin=\skip66

For additional information on amsmath, use the `?' option.
(/opt/local/share/texmf-texlive/tex/latex/amsmath/amstext.sty
Package: amstext 2000/06/29 v2.01

(/opt/local/share/texmf-texlive/tex/latex/amsmath/amsgen.sty
File: amsgen.sty 1999/11/30 v2.0
\@emptytoks=\toks28
\ex@=\dimen136
))
(/opt/local/share/texmf-texlive/tex/latex/amsmath/amsbsy.sty
Package: amsbsy 1999/11/29 v1.2d
\pmbraise@=\dimen137
)
(/opt/local/share/texmf-texlive/tex/latex/amsmath/amsopn.sty
Package: amsopn 1999/12/14 v2.01 operator names
)
\inf@bad=\count121
LaTeX Info: Redefining \frac on input line 210.
\uproot@=\count122
\leftroot@=\count123
LaTeX Info: Redefining \overline on input line 306.
\classnum@=\count124
\DOTSCASE@=\count125
LaTeX Info: Redefining \ldots on input line 378.
LaTeX Info: Redefining \dots on input line 381.
LaTeX Info: Redefining \cdots on input line 466.
\Mathstrutbox@=\box39
\strutbox@=\box40
\big@size=\dimen138
LaTeX Font Info:    Redeclaring font encoding OML on input line 566.
LaTeX Font Info:    Redeclaring font encoding OMS on input line 567.
\macc@depth=\count126
\c@MaxMatrixCols=\count127
\dotsspace@=\muskip10
\c@parentequation=\count128
\dspbrk@lvl=\count129
\tag@help=\toks29
\row@=\count130
\column@=\count131
\maxfields@=\count132
\andhelp@=\toks30
\eqnshift@=\dimen139
\alignsep@=\dimen140
\tagshift@=\dimen141
\tagwidth@=\dimen142
\totwidth@=\dimen143
\lineht@=\dimen144
\@envbody=\toks31
\multlinegap=\skip67
\multlinetaggap=\skip68
\mathdisplay@stack=\toks32
LaTeX Info: Redefining \[ on input line 2665.
LaTeX Info: Redefining \] on input line 2666.
)
(/opt/local/share/texmf-texlive/tex/latex/tablefootnote/tablefootnote.sty
Package: tablefootnote 2012/07/29 v1.0h Table foot notes (HMM)

(/opt/local/share/texmf-texlive/tex/latex/oberdiek/letltxmacro.sty
Package: letltxmacro 2010/09/02 v1.4 Let assignment for LaTeX macros (HO)
)
(/opt/local/share/texmf-texlive/tex/latex/etoolbox/etoolbox.sty
Package: etoolbox 2011/01/03 v2.1 e-TeX tools for LaTeX

(/opt/local/share/texmf-texlive/tex/latex/etex-pkg/etex.sty
Package: etex 1998/03/26 v2.0 eTeX basic definition package (PEB)
\et@xins=\count133
)
\etb@tempcnta=\count134
))
(/opt/local/share/texmf-texlive/tex/latex/listings/lstlang1.sty
File: lstlang1.sty 2004/09/05 1.3 listings language file
)
(/opt/local/share/texmf-texlive/tex/latex/listings/lstmisc.sty
File: lstmisc.sty 2007/02/22 1.4 (Carsten Heinz)
)
\c@definition=\count135

(./elsarticle-template-num.aux)
\openout1 = `elsarticle-template-num.aux'.

LaTeX Font Info:    Checking defaults for OML/cmm/m/it on input line 104.
LaTeX Font Info:    ... okay on input line 104.
LaTeX Font Info:    Checking defaults for T1/cmr/m/n on input line 104.
LaTeX Font Info:    ... okay on input line 104.
LaTeX Font Info:    Checking defaults for OT1/cmr/m/n on input line 104.
LaTeX Font Info:    ... okay on input line 104.
LaTeX Font Info:    Checking defaults for OMS/cmsy/m/n on input line 104.
LaTeX Font Info:    ... okay on input line 104.
LaTeX Font Info:    Checking defaults for OMX/cmex/m/n on input line 104.
LaTeX Font Info:    ... okay on input line 104.
LaTeX Font Info:    Checking defaults for U/cmr/m/n on input line 104.
LaTeX Font Info:    ... okay on input line 104.

(/opt/local/share/texmf-texlive/tex/context/base/supp-pdf.mkii
[Loading MPS to PDF converter (version 2006.09.02).]
\scratchcounter=\count136
\scratchdimen=\dimen145
\scratchbox=\box41
\nofMPsegments=\count137
\nofMParguments=\count138
\everyMPshowfont=\toks33
\MPscratchCnt=\count139
\MPscratchDim=\dimen146
\MPnumerator=\count140
\makeMPintoPDFobject=\count141
\everyMPtoPDFconversion=\toks34
) (/opt/local/share/texmf-texlive/tex/generic/oberdiek/pdftexcmds.sty
Package: pdftexcmds 2011/11/29 v0.20 Utility functions of pdfTeX for LuaTeX (HO
)

(/opt/local/share/texmf-texlive/tex/generic/oberdiek/ifluatex.sty
Package: ifluatex 2010/03/01 v1.3 Provides the ifluatex switch (HO)
Package ifluatex Info: LuaTeX not detected.
)
(/opt/local/share/texmf-texlive/tex/generic/oberdiek/ifpdf.sty
Package: ifpdf 2011/01/30 v2.3 Provides the ifpdf switch (HO)
Package ifpdf Info: pdfTeX in PDF mode is detected.
)
Package pdftexcmds Info: LuaTeX not detected.
Package pdftexcmds Info: \pdf@primitive is available.
Package pdftexcmds Info: \pdf@ifprimitive is available.
Package pdftexcmds Info: \pdfdraftmode found.
)
(/opt/local/share/texmf-texlive/tex/latex/oberdiek/epstopdf-base.sty
Package: epstopdf-base 2010/02/09 v2.5 Base part for package epstopdf

(/opt/local/share/texmf-texlive/tex/latex/oberdiek/grfext.sty
Package: grfext 2010/08/19 v1.1 Manage graphics extensions (HO)

(/opt/local/share/texmf-texlive/tex/generic/oberdiek/kvdefinekeys.sty
Package: kvdefinekeys 2011/04/07 v1.3 Define keys (HO)
))
(/opt/local/share/texmf-texlive/tex/latex/oberdiek/kvoptions.sty
Package: kvoptions 2011/06/30 v3.11 Key value format for package options (HO)

(/opt/local/share/texmf-texlive/tex/generic/oberdiek/kvsetkeys.sty
Package: kvsetkeys 2012/04/25 v1.16 Key value parser (HO)

(/opt/local/share/texmf-texlive/tex/generic/oberdiek/etexcmds.sty
Package: etexcmds 2011/02/16 v1.5 Avoid name clashes with e-TeX commands (HO)
Package etexcmds Info: Could not find \expanded.
(etexcmds)             That can mean that you are not using pdfTeX 1.50 or
(etexcmds)             that some package has redefined \expanded.
(etexcmds)             In the latter case, load this package earlier.
)))
Package grfext Info: Graphics extension search list:
(grfext)             [.png,.pdf,.jpg,.mps,.jpeg,.jbig2,.jb2,.PNG,.PDF,.JPG,.JPE
G,.JBIG2,.JB2,.eps]
(grfext)             \AppendGraphicsExtensions on input line 452.

(/opt/local/share/texmf-texlive/tex/latex/latexconfig/epstopdf-sys.cfg
File: epstopdf-sys.cfg 2010/07/13 v1.3 Configuration of (r)epstopdf for TeX Liv
e
))
\c@lstlisting=\count142
Package caption Info: Begin \AtBeginDocument code.
Package caption Info: subfig package v1.3 is loaded.
Package caption Info: float package is loaded.
Package caption Info: longtable package is loaded.

(/opt/local/share/texmf-texlive/tex/latex/caption/ltcaption.sty
Package: ltcaption 2013/02/03 v1.3-62 longtable captions (AR)
)
Package caption Info: supertabular package is loaded.
Package caption Info: End \AtBeginDocument code.
LaTeX Font Info:    Try loading font information for U+msa on input line 197.

(/opt/local/share/texmf-texlive/tex/latex/amsfonts/umsa.fd
File: umsa.fd 2013/01/14 v3.01 AMS symbols A
)
LaTeX Font Info:    Try loading font information for U+msb on input line 197.

(/opt/local/share/texmf-texlive/tex/latex/amsfonts/umsb.fd
File: umsb.fd 2013/01/14 v3.01 AMS symbols B
) [1


{/opt/local/var/db/texmf/fonts/map/pdftex/updmap/pdftex.map}] [2] [3]
LaTeX Font Info:    Try loading font information for OMS+cmr on input line 270.


(/opt/local/share/texmf-texlive/tex/latex/base/omscmr.fd
File: omscmr.fd 1999/05/25 v2.5h Standard LaTeX font definitions
)
LaTeX Font Info:    Font shape `OMS/cmr/m/n' in size <12> not available
(Font)              Font shape `OMS/cmsy/m/n' tried instead on input line 270.
 [4] [5] [6]
<figures/registro-veiculo-en.jpg, id=37, 764.8334pt x 218.83356pt>
File: figures/registro-veiculo-en.jpg Graphic file (type jpg)

<use figures/registro-veiculo-en.jpg>
Package pdftex.def Info: figures/registro-veiculo-en.jpg used on input line 347
.
(pdftex.def)             Requested size: 397.48499pt x 113.73065pt.

Overfull \hbox (7.48499pt too wide) in paragraph at lines 347--348
 [][] 
 []


LaTeX Warning: Command \textless invalid in math mode on input line 357.

LaTeX Font Info:    Try loading font information for OML+cmr on input line 357.

(/opt/local/share/texmf-texlive/tex/latex/base/omlcmr.fd
File: omlcmr.fd 1999/05/25 v2.5h Standard LaTeX font definitions
)
LaTeX Font Info:    Font shape `OML/cmr/m/n' in size <12> not available
(Font)              Font shape `OML/cmm/m/it' tried instead on input line 357.


LaTeX Warning: Command \textless invalid in math mode on input line 357.


LaTeX Warning: Command \textless invalid in math mode on input line 357.


LaTeX Warning: Command \textless invalid in math mode on input line 357.


Overfull \hbox (23.1067pt too wide) in paragraph at lines 363--364
\OML/cmm/m/it/12 CERT[]$ \OT1/cmr/m/n/12 of ano-ny-mity set dig-i-tal cer-tifi-
cates ($\OML/cmm/m/it/12 CERT[] \OMS/cmsy/m/n/12 ^^R \OML/cmm/m/it/12 CERT[]$\O
T1/cmr/m/n/12 )
 []

[7 <./figures/registro-veiculo-en.jpg>]
<figures/vehicle-groups2-en.jpg, id=43, 1275.7823pt x 363.37357pt>
File: figures/vehicle-groups2-en.jpg Graphic file (type jpg)

<use figures/vehicle-groups2-en.jpg>
Package pdftex.def Info: figures/vehicle-groups2-en.jpg used on input line 372.

(pdftex.def)             Requested size: 397.49352pt x 144.54288pt.

Overfull \hbox (7.49352pt too wide) in paragraph at lines 372--373
 [][] 
 []

[8 <./figures/vehicle-groups2-en.jpg>]
Overfull \hbox (4.27509pt too wide) in paragraph at lines 402--403
[]\OT1/cmr/m/n/12 If valid, the $\OML/cmm/m/it/12 RSU[]$ \OT1/cmr/m/n/12 gen-er
-ates the new set of keys $\OML/cmm/m/it/12 TK[] \OT1/cmr/m/n/12 = \OMS/cmsy/m/
n/12 f\OT1/cmr/m/n/12 (\OML/cmm/m/it/12 k[]=k[]\OT1/cmr/m/n/12 )\OML/cmm/m/it/1
2 ; \OT1/cmr/m/n/12 (\OML/cmm/m/it/12 k[]=[] 
 []

<figures/tamper-proof-and-applications.jpg, id=50, 431.6125pt x 210.7875pt>
File: figures/tamper-proof-and-applications.jpg Graphic file (type jpg)

<use figures/tamper-proof-and-applications.jpg>
Package pdftex.def Info: figures/tamper-proof-and-applications.jpg used on inpu
t line 417.
(pdftex.def)             Requested size: 237.3876pt x 115.93347pt.
 [9]
<figures/message-format.jpg, id=54, 752.8366pt x 146.56355pt>
File: figures/message-format.jpg Graphic file (type jpg)

<use figures/message-format.jpg>
Package pdftex.def Info: figures/message-format.jpg used on input line 426.
(pdftex.def)             Requested size: 399.0015pt x 77.6783pt.

Overfull \hbox (9.0015pt too wide) in paragraph at lines 426--427
 [][] 
 []


Overfull \hbox (9.32182pt too wide) in paragraph at lines 431--432
\OT1/cmr/m/n/12 lev-els ($\OML/cmm/m/it/12 m \OT1/cmr/m/n/12 = 5$): $\OML/cmm/m
/it/12 AS[] \OT1/cmr/m/n/12 = \OMS/cmsy/m/n/12 f\OML/cmm/m/it/12 AS[]; AS[]; AS
[]; AS[]; AS[]; AS[]; AS[]; AS[]; [] 
 []


Overfull \hbox (7.25688pt too wide) in paragraph at lines 431--432
\OML/cmm/m/it/12 AS[]; AS[]; AS[]; AS[]; AS[]; AS[]; AS[]; AS[]; AS[]; AS[]; AS
[]\OMS/cmsy/m/n/12 g$\OT1/cmr/m/n/12 .
 []

[10 <./figures/tamper-proof-and-applications.jpg> <./figures/message-format.jpg
>] <figures/cenario-mudanca-pseud-1-en.jpg, id=58, 594.20393pt x 317.19302pt>
File: figures/cenario-mudanca-pseud-1-en.jpg Graphic file (type jpg)

<use figures/cenario-mudanca-pseud-1-en.jpg>
Package pdftex.def Info: figures/cenario-mudanca-pseud-1-en.jpg used on input l
ine 437.
(pdftex.def)             Requested size: 314.92659pt x 168.11148pt.
 [11] [12 <./figures/cenario-mudanca-pseud-1-en.jpg>]
<figures/cenario-sybil-5-en.jpg, id=65, 681.57837pt x 147.57533pt>
File: figures/cenario-sybil-5-en.jpg Graphic file (type jpg)

<use figures/cenario-sybil-5-en.jpg>
Package pdftex.def Info: figures/cenario-sybil-5-en.jpg used on input line 490.

(pdftex.def)             Requested size: 397.48933pt x 72.272pt.

Overfull \hbox (7.48933pt too wide) in paragraph at lines 490--491
 [][] 
 []

[13] [14 <./figures/cenario-sybil-5-en.jpg>] [15]
<figures/acusacao-en.jpg, id=84, 760.85857pt x 367.3484pt>
File: figures/acusacao-en.jpg Graphic file (type jpg)

<use figures/acusacao-en.jpg>
Package pdftex.def Info: figures/acusacao-en.jpg used on input line 519.
(pdftex.def)             Requested size: 380.42834pt x 183.67375pt.
 [16 <./figures/acusacao-en.jpg>] [17] [18]
[19] [20] [21] [22]

LaTeX Warning: Reference `fig:resultados-nao-sybil' on page 23 undefined on inp
ut line 750.


LaTeX Warning: Reference `fig:resultados-sybil' on page 23 undefined on input l
ine 750.


<figures/grafico-resultados-nao-sybil-100-en.jpg, id=109, 679.55481pt x 542.025
pt>
File: figures/grafico-resultados-nao-sybil-100-en.jpg Graphic file (type jpg)
 <use figures/grafico-resultados-nao-sybil-100-en.jpg>
Package pdftex.def Info: figures/grafico-resultados-nao-sybil-100-en.jpg used o
n input line 763.
(pdftex.def)             Requested size: 156.29431pt x 124.66312pt.

<figures/grafico-resultados-nao-sybil-200-en.jpg, id=110, 671.53284pt x 542.025
pt>
File: figures/grafico-resultados-nao-sybil-200-en.jpg Graphic file (type jpg)
 <use figures/grafico-resultados-nao-sybil-200-en.jpg>
Package pdftex.def Info: figures/grafico-resultados-nao-sybil-200-en.jpg used o
n input line 764.
(pdftex.def)             Requested size: 154.4493pt x 124.66312pt.

<figures/grafico-resultados-nao-sybil-300-en.jpg, id=111, 672.54462pt x 542.025
pt>
File: figures/grafico-resultados-nao-sybil-300-en.jpg Graphic file (type jpg)
 <use figures/grafico-resultados-nao-sybil-300-en.jpg>
Package pdftex.def Info: figures/grafico-resultados-nao-sybil-300-en.jpg used o
n input line 765.
(pdftex.def)             Requested size: 154.682pt x 124.66312pt.
 [23 <./figures/grafico-resultados-nao-sybil-100-en.jpg> <./figures/grafico-res
ultados-nao-sybil-200-en.jpg> <./figures/grafico-resultados-nao-sybil-300-en.jp
g>]

LaTeX Warning: Reference `fig:grafico-resultados-nao-sybil-100-en' on page 24 u
ndefined on input line 771.


LaTeX Warning: Reference `fig:grafico-resultados-nao-sybil-200-en' on page 24 u
ndefined on input line 771.


LaTeX Warning: Reference `fig:grafico-resultados-nao-sybil-300-en' on page 24 u
ndefined on input line 771.


<figures/grafico-resultados-sybil-100-en.jpg, id=115, 672.54462pt x 542.025pt>
File: figures/grafico-resultados-sybil-100-en.jpg Graphic file (type jpg)

<use figures/grafico-resultados-sybil-100-en.jpg>
Package pdftex.def Info: figures/grafico-resultados-sybil-100-en.jpg used on in
put line 775.
(pdftex.def)             Requested size: 154.682pt x 124.66312pt.

<figures/grafico-resultados-sybil-200-en.jpg, id=116, 670.52106pt x 542.025pt>
File: figures/grafico-resultados-sybil-200-en.jpg Graphic file (type jpg)

<use figures/grafico-resultados-sybil-200-en.jpg>
Package pdftex.def Info: figures/grafico-resultados-sybil-200-en.jpg used on in
put line 776.
(pdftex.def)             Requested size: 154.2166pt x 124.66312pt.

<figures/grafico-resultados-sybil-300-en.jpg, id=117, 670.52106pt x 542.025pt>
File: figures/grafico-resultados-sybil-300-en.jpg Graphic file (type jpg)

<use figures/grafico-resultados-sybil-300-en.jpg>
Package pdftex.def Info: figures/grafico-resultados-sybil-300-en.jpg used on in
put line 777.
(pdftex.def)             Requested size: 154.2166pt x 124.66312pt.


LaTeX Warning: Reference `fig:grafico-resultados-sybil-100-en' on page 24 undef
ined on input line 781.


LaTeX Warning: Reference `fig:grafico-resultados-sybil-200-en' on page 24 undef
ined on input line 781.


LaTeX Warning: Reference `fig:grafico-resultados-sybil-300-en' on page 24 undef
ined on input line 781.

[24 <./figures/grafico-resultados-sybil-100-en.jpg> <./figures/grafico-resultad
os-sybil-200-en.jpg> <./figures/grafico-resultados-sybil-300-en.jpg>]
<figures/false-positive-scenario.jpg, id=121, 708.67963pt x 192.7441pt>
File: figures/false-positive-scenario.jpg Graphic file (type jpg)

<use figures/false-positive-scenario.jpg>
Package pdftex.def Info: figures/false-positive-scenario.jpg used on input line
 798.
(pdftex.def)             Requested size: 318.9029pt x 86.73402pt.
 [25 <./figures/false-positive-scenario.jpg>] [26] [27]
Overfull \hbox (5.87715pt too wide) in paragraph at lines 824--841
[]  []
 []

[28] [29] (./elsarticle-template-num.bbl [30]
Overfull \hbox (1.18446pt too wide) in paragraph at lines 70--76
\OT1/cmr/m/n/12 URL \OT1/cmtt/m/n/12 http://doi.ieeecomputersociety.org/10.1109
/TPDS.2010.14 
 []

[31]
Underfull \hbox (badness 6252) in paragraph at lines 102--108
[]\OT1/cmr/m/n/12 A. R. Beres-ford, F. Sta-jano, Lo-ca-tion pri-vacy in per-va-
sive
 []


Underfull \hbox (badness 6157) in paragraph at lines 102--108
\OT1/cmr/m/n/12 com-put-ing, Per-va-sive Com-put-ing, IEEE 2 (1) (2003) 46--55.

 []

[32]
Underfull \hbox (badness 4205) in paragraph at lines 163--168
[]\OT1/cmr/m/n/12 Y. Hao, Y. Chengcheng, C. Zhou, W. Song, A dis-tributed
 []


Underfull \hbox (badness 1033) in paragraph at lines 163--168
\OT1/cmr/m/n/12 key man-age-ment frame-work with co-op-er-a-tive mes-sage au-th
en-ti-ca-
 []


Underfull \hbox (badness 1466) in paragraph at lines 177--182
[]\OT1/cmr/m/n/12 C. Zhang, X. Lin, R. Lu, P. Ho, X. Shen, An ef-fi-cient mes-
 []


Underfull \hbox (badness 2503) in paragraph at lines 177--182
\OT1/cmr/m/n/12 sage au-then-ti-ca-tion scheme for ve-hic-u-lar com-mu-ni-ca-ti
ons, IEEE
 []


Underfull \hbox (badness 2359) in paragraph at lines 177--182
\OT1/cmr/m/n/12 Trans-ac-tions on Ve-hic-u-lar Tech-nol-ogy 57 (6) (2008) 3357-
-3368.
 []

[33]
Underfull \hbox (badness 1496) in paragraph at lines 221--226
[]\OT1/cmr/m/n/12 T. Zhou, R. Choud-hury, P. Ning, K. Chakrabarty, P2dap-sybil
 []


Underfull \hbox (badness 2126) in paragraph at lines 221--226
\OT1/cmr/m/n/12 at-tacks de-tec-tion in ve-hic-u-lar ad hoc net-works, Se-lecte
d Ar-eas
 []


Underfull \hbox (badness 3417) in paragraph at lines 221--226
\OT1/cmr/m/n/12 in Com-mu-ni-ca-tions, IEEE Jour-nal on 29 (3) (2011) 582--594.

 []


Overfull \hbox (7.35947pt too wide) in paragraph at lines 238--243
\OT1/cmr/m/n/12 URL \OT1/cmtt/m/n/12 http://doi.ieeecomputersociety.org/10.1109
/TPDS.2011.263 
 []

[34]
Underfull \hbox (badness 4353) in paragraph at lines 274--278
[]\OT1/cmr/m/n/12 D. Chaum, E. Van Heyst, Group sig-na-tures, in: Ad-vances
 []


Underfull \hbox (badness 7397) in paragraph at lines 274--278
\OT1/cmr/m/n/12 in Cryptology-EUROCRYPT'91, Springer, 1991, pp. 257--265.
 []


Underfull \hbox (badness 1796) in paragraph at lines 280--284
[]\OT1/cmr/m/n/12 L. Sweeney, k-anonymity: a model for pro-tect-ing pri-vacy, I
nt.
 []


Underfull \hbox (badness 5231) in paragraph at lines 318--323
[]\OT1/cmr/m/n/12 C. Som-mer, O. K. Tonguz, F. Dressler, Traf-fic in-for-ma-tio
n
 []


Underfull \hbox (badness 4505) in paragraph at lines 318--323
\OT1/cmr/m/n/12 sys-tems: ef-fi-cient mes-sage dis-sem-i-na-tion via adap-tive 
bea-con-
 []


Underfull \hbox (badness 3861) in paragraph at lines 318--323
\OT1/cmr/m/n/12 ing, Com-mu-ni-ca-tions Mag-a-zine, IEEE 49 (5) (2011) 173--179
.
 []

[35]) [36] (./elsarticle-template-num.aux)

LaTeX Warning: There were undefined references.

 ) 
Here is how much of TeX's memory you used:
 6734 strings out of 494227
 98843 string characters out of 6157704
 190358 words of memory out of 5000000
 9851 multiletter control sequences out of 15000+600000
 19278 words of font info for 72 fonts, out of 8000000 for 9000
 432 hyphenation exceptions out of 8191
 44i,21n,47p,1920b,991s stack positions out of 5000i,500n,10000p,200000b,80000s
</opt/local/share/texmf-texlive/fonts/type1/public/amsfonts/cm/cmbx10.pfb></o
pt/local/share/texmf-texlive/fonts/type1/public/amsfonts/cm/cmbx12.pfb></opt/lo
cal/share/texmf-texlive/fonts/type1/public/amsfonts/cm/cmbx6.pfb></opt/local/sh
are/texmf-texlive/fonts/type1/public/amsfonts/cm/cmex10.pfb></opt/local/share/t
exmf-texlive/fonts/type1/public/amsfonts/cm/cmmi10.pfb></opt/local/share/texmf-
texlive/fonts/type1/public/amsfonts/cm/cmmi12.pfb></opt/local/share/texmf-texli
ve/fonts/type1/public/amsfonts/cm/cmmi5.pfb></opt/local/share/texmf-texlive/fon
ts/type1/public/amsfonts/cm/cmmi6.pfb></opt/local/share/texmf-texlive/fonts/typ
e1/public/amsfonts/cm/cmmi7.pfb></opt/local/share/texmf-texlive/fonts/type1/pub
lic/amsfonts/cm/cmmi8.pfb></opt/local/share/texmf-texlive/fonts/type1/public/am
sfonts/cm/cmmib10.pfb></opt/local/share/texmf-texlive/fonts/type1/public/amsfon
ts/cmextra/cmmib6.pfb></opt/local/share/texmf-texlive/fonts/type1/public/amsfon
ts/cmextra/cmmib8.pfb></opt/local/share/texmf-texlive/fonts/type1/public/amsfon
ts/cm/cmr10.pfb></opt/local/share/texmf-texlive/fonts/type1/public/amsfonts/cm/
cmr12.pfb></opt/local/share/texmf-texlive/fonts/type1/public/amsfonts/cm/cmr17.
pfb></opt/local/share/texmf-texlive/fonts/type1/public/amsfonts/cm/cmr5.pfb></o
pt/local/share/texmf-texlive/fonts/type1/public/amsfonts/cm/cmr6.pfb></opt/loca
l/share/texmf-texlive/fonts/type1/public/amsfonts/cm/cmr7.pfb></opt/local/share
/texmf-texlive/fonts/type1/public/amsfonts/cm/cmr8.pfb></opt/local/share/texmf-
texlive/fonts/type1/public/amsfonts/cm/cmsl10.pfb></opt/local/share/texmf-texli
ve/fonts/type1/public/amsfonts/cm/cmsy10.pfb></opt/local/share/texmf-texlive/fo
nts/type1/public/amsfonts/cm/cmsy6.pfb></opt/local/share/texmf-texlive/fonts/ty
pe1/public/amsfonts/cm/cmsy7.pfb></opt/local/share/texmf-texlive/fonts/type1/pu
blic/amsfonts/cm/cmsy8.pfb></opt/local/share/texmf-texlive/fonts/type1/public/a
msfonts/cm/cmti10.pfb></opt/local/share/texmf-texlive/fonts/type1/public/amsfon
ts/cm/cmti12.pfb></opt/local/share/texmf-texlive/fonts/type1/public/amsfonts/cm
/cmti7.pfb></opt/local/share/texmf-texlive/fonts/type1/public/amsfonts/cm/cmtt1
0.pfb></opt/local/share/texmf-texlive/fonts/type1/public/amsfonts/cm/cmtt12.pfb
></opt/local/share/texmf-texlive/fonts/type1/public/amsfonts/symbols/msam10.pfb
></opt/local/share/texmf-texlive/fonts/type1/public/amsfonts/symbols/msbm10.pfb
>
Output written on elsarticle-template-num.pdf (36 pages, 27087260 bytes).
PDF statistics:
 262 PDF objects out of 1000 (max. 8388607)
 176 compressed objects within 2 object streams
 0 named destinations out of 1000 (max. 500000)
 71 words of extra memory for PDF output out of 10000 (max. 10000000)

