This is pdfTeX, Version 3.14159265-2.6-1.40.16 (TeX Live 2015) (preloaded format=pdflatex 2015.10.13)  2 AUG 2016 11:56
entering extended mode
 \write18 enabled.
 file:line:error style messages enabled.
 %&-line parsing enabled.
**/Users/thiagosales/Dropbox/My_Studies/Ufcg/publicacoes/Information-Science-Special-Issue-Security/elsarticle/TSWLatexianTemp_000587.tex
(/Users/thiagosales/Dropbox/My_Studies/Ufcg/publicacoes/Information-Science-Special-Issue-Security/elsarticle/TSWLatexianTemp_000587.tex
LaTeX2e <2015/01/01>
Babel <3.9l> and hyphenation patterns for 79 languages loaded.
(./elsarticle.cls
Document Class: elsarticle 2009/09/17, 1.20b: Elsevier Ltd
\@bls=\dimen102
(/usr/local/texlive/2015/texmf-dist/tex/latex/base/article.cls
Document Class: article 2014/09/29 v1.4h Standard LaTeX document class
(/usr/local/texlive/2015/texmf-dist/tex/latex/base/size12.clo
File: size12.clo 2014/09/29 v1.4h Standard LaTeX file (size option)
)
\c@part=\count79
\c@section=\count80
\c@subsection=\count81
\c@subsubsection=\count82
\c@paragraph=\count83
\c@subparagraph=\count84
\c@figure=\count85
\c@table=\count86
\abovecaptionskip=\skip41
\belowcaptionskip=\skip42
\bibindent=\dimen103
) (/usr/local/texlive/2015/texmf-dist/tex/latex/graphics/graphicx.sty
Package: graphicx 2014/10/28 v1.0g Enhanced LaTeX Graphics (DPC,SPQR)
 (/usr/local/texlive/2015/texmf-dist/tex/latex/graphics/keyval.sty
Package: keyval 2014/10/28 v1.15 key=value parser (DPC)
\KV@toks@=\toks14
) (/usr/local/texlive/2015/texmf-dist/tex/latex/graphics/graphics.sty
Package: graphics 2014/10/28 v1.0p Standard LaTeX Graphics (DPC,SPQR)
 (/usr/local/texlive/2015/texmf-dist/tex/latex/graphics/trig.sty
Package: trig 1999/03/16 v1.09 sin cos tan (DPC)
) (/usr/local/texlive/2015/texmf-dist/tex/latex/latexconfig/graphics.cfg
File: graphics.cfg 2010/04/23 v1.9 graphics configuration of TeX Live
)
Package graphics Info: Driver file: pdftex.def on input line 94.
 (/usr/local/texlive/2015/texmf-dist/tex/latex/pdftex-def/pdftex.def
File: pdftex.def 2011/05/27 v0.06d Graphics/color for pdfTeX
 (/usr/local/texlive/2015/texmf-dist/tex/generic/oberdiek/infwarerr.sty
Package: infwarerr 2010/04/08 v1.3 Providing info/warning/error messages (HO)
) (/usr/local/texlive/2015/texmf-dist/tex/generic/oberdiek/ltxcmds.sty
Package: ltxcmds 2011/11/09 v1.22 LaTeX kernel commands for general use (HO)
)
\Gread@gobject=\count87
))
\Gin@req@height=\dimen104
\Gin@req@width=\dimen105
) (/usr/local/texlive/2015/texmf-dist/tex/latex/psnfss/pifont.sty
Package: pifont 2005/04/12 PSNFSS-v9.2a Pi font support (SPQR) 
LaTeX Font Info:    Try loading font information for U+pzd on input line 63.
 (/usr/local/texlive/2015/texmf-dist/tex/latex/psnfss/upzd.fd
File: upzd.fd 2001/06/04 font definitions for U/pzd.
)
LaTeX Font Info:    Try loading font information for U+psy on input line 64.
 (/usr/local/texlive/2015/texmf-dist/tex/latex/psnfss/upsy.fd
File: upsy.fd 2001/06/04 font definitions for U/psy.
))
\c@tnote=\count88
\c@fnote=\count89
\c@cnote=\count90
\c@ead=\count91
\c@author=\count92
\@eadauthor=\toks15
\c@affn=\count93
\absbox=\box26
\keybox=\box27
\Columnwidth=\dimen106
\space@left=\dimen107
\els@boxa=\box28
\els@boxb=\box29
\leftMargin=\dimen108
\@enLab=\toks16
\@sep=\skip43
\@@sep=\skip44
 (/usr/local/texlive/2015/texmf-dist/tex/latex/natbib/natbib.sty
Package: natbib 2010/09/13 8.31b (PWD, AO)
\bibhang=\skip45
\bibsep=\skip46
LaTeX Info: Redefining \cite on input line 694.
\c@NAT@ctr=\count94
)
\splwrite=\write3
\openout3 = `TSWLatexianTemp_000587.spl'.

\appnamewidth=\dimen109
) (/usr/local/texlive/2015/texmf-dist/tex/latex/amsfonts/amssymb.sty
Package: amssymb 2013/01/14 v3.01 AMS font symbols
 (/usr/local/texlive/2015/texmf-dist/tex/latex/amsfonts/amsfonts.sty
Package: amsfonts 2013/01/14 v3.01 Basic AMSFonts support
\@emptytoks=\toks17
\symAMSa=\mathgroup4
\symAMSb=\mathgroup5
LaTeX Font Info:    Overwriting math alphabet `\mathfrak' in version `bold'
(Font)                  U/euf/m/n --> U/euf/b/n on input line 106.
)) (/usr/local/texlive/2015/texmf-dist/tex/latex/amscls/amsthm.sty
Package: amsthm 2015/03/04 v2.20.2
\thm@style=\toks18
\thm@bodyfont=\toks19
\thm@headfont=\toks20
\thm@notefont=\toks21
\thm@headpunct=\toks22
\thm@preskip=\skip47
\thm@postskip=\skip48
\thm@headsep=\skip49
\dth@everypar=\toks23
LaTeX Info: Redefining \qed on input line 264.
) (/usr/local/texlive/2015/texmf-dist/tex/latex/graphics/color.sty
Package: color 2014/10/28 v1.1a Standard LaTeX Color (DPC)
 (/usr/local/texlive/2015/texmf-dist/tex/latex/latexconfig/color.cfg
File: color.cfg 2007/01/18 v1.5 color configuration of teTeX/TeXLive
)
Package color Info: Driver file: pdftex.def on input line 142.
) (/usr/local/texlive/2015/texmf-dist/tex/latex/listings/listings.sty
\lst@mode=\count95
\lst@gtempboxa=\box30
\lst@token=\toks24
\lst@length=\count96
\lst@currlwidth=\dimen110
\lst@column=\count97
\lst@pos=\count98
\lst@lostspace=\dimen111
\lst@width=\dimen112
\lst@newlines=\count99
\lst@lineno=\count100
\lst@maxwidth=\dimen113
 (/usr/local/texlive/2015/texmf-dist/tex/latex/listings/lstmisc.sty
File: lstmisc.sty 2014/09/06 1.5e (Carsten Heinz)
\c@lstnumber=\count101
\lst@skipnumbers=\count102
\lst@framebox=\box31
) (/usr/local/texlive/2015/texmf-dist/tex/latex/listings/listings.cfg
File: listings.cfg 2014/09/06 1.5e listings configuration
))
Package: listings 2014/09/06 1.5e (Carsten Heinz)
 (/usr/local/texlive/2015/texmf-dist/tex/latex/subfig/subfig.sty
Package: subfig 2005/06/28 ver: 1.3 subfig package
 (/usr/local/texlive/2015/texmf-dist/tex/latex/caption/caption.sty
Package: caption 2013/05/02 v3.3-89 Customizing captions (AR)
 (/usr/local/texlive/2015/texmf-dist/tex/latex/caption/caption3.sty
Package: caption3 2013/05/02 v1.6-88 caption3 kernel (AR)
Package caption3 Info: TeX engine: e-TeX on input line 57.
\captionmargin=\dimen114
\captionmargin@=\dimen115
\captionwidth=\dimen116
\caption@tempdima=\dimen117
\caption@indent=\dimen118
\caption@parindent=\dimen119
\caption@hangindent=\dimen120
)
\c@ContinuedFloat=\count103
Package caption Info: listings package is loaded.
)
\c@KVtest=\count104
\sf@farskip=\skip50
\sf@captopadj=\dimen121
\sf@capskip=\skip51
\sf@nearskip=\skip52
\c@subfigure=\count105
\c@subfigure@save=\count106
\c@lofdepth=\count107
\c@subtable=\count108
\c@subtable@save=\count109
\c@lotdepth=\count110
\sf@top=\skip53
\sf@bottom=\skip54
) (/usr/local/texlive/2015/texmf-dist/tex/latex/float/float.sty
Package: float 2001/11/08 v1.3d Float enhancements (AL)
\c@float@type=\count111
\float@exts=\toks25
\float@box=\box32
\@float@everytoks=\toks26
\@floatcapt=\box33
) (/usr/local/texlive/2015/texmf-dist/tex/latex/tools/longtable.sty
Package: longtable 2014/10/28 v4.11 Multi-page Table package (DPC)
\LTleft=\skip55
\LTright=\skip56
\LTpre=\skip57
\LTpost=\skip58
\LTchunksize=\count112
\LTcapwidth=\dimen122
\LT@head=\box34
\LT@firsthead=\box35
\LT@foot=\box36
\LT@lastfoot=\box37
\LT@cols=\count113
\LT@rows=\count114
\c@LT@tables=\count115
\c@LT@chunks=\count116
\LT@p@ftn=\toks27
) (/usr/local/texlive/2015/texmf-dist/tex/latex/supertabular/supertabular.sty
Package: supertabular 2004/02/20 v4.1e the supertabular environment
\c@tracingst=\count117
\ST@wd=\dimen123
\ST@rightskip=\skip59
\ST@leftskip=\skip60
\ST@parfillskip=\skip61
\ST@pageleft=\dimen124
\ST@headht=\dimen125
\ST@tailht=\dimen126
\ST@pagesofar=\dimen127
\ST@pboxht=\dimen128
\ST@lineht=\dimen129
\ST@stretchht=\dimen130
\ST@prevht=\dimen131
\ST@toadd=\dimen132
\ST@dimen=\dimen133
\ST@pbox=\box38
) (/usr/local/texlive/2015/texmf-dist/tex/latex/pbox/pbox.sty
Package: pbox 2011/12/07 v1.2 Dynamic parboxes
 (/usr/local/texlive/2015/texmf-dist/tex/latex/tools/calc.sty
Package: calc 2014/10/28 v4.3 Infix arithmetic (KKT,FJ)
\calc@Acount=\count118
\calc@Bcount=\count119
\calc@Adimen=\dimen134
\calc@Bdimen=\dimen135
\calc@Askip=\skip62
\calc@Bskip=\skip63
LaTeX Info: Redefining \setlength on input line 80.
LaTeX Info: Redefining \addtolength on input line 81.
\calc@Ccount=\count120
\calc@Cskip=\skip64
) (/usr/local/texlive/2015/texmf-dist/tex/latex/base/ifthen.sty
Package: ifthen 2014/09/29 v1.1c Standard LaTeX ifthen package (DPC)
)
\pb@xlen=\skip65
) (/usr/local/texlive/2015/texmf-dist/tex/latex/amsmath/amsmath.sty
Package: amsmath 2013/01/14 v2.14 AMS math features
\@mathmargin=\skip66

For additional information on amsmath, use the `?' option.
(/usr/local/texlive/2015/texmf-dist/tex/latex/amsmath/amstext.sty
Package: amstext 2000/06/29 v2.01
 (/usr/local/texlive/2015/texmf-dist/tex/latex/amsmath/amsgen.sty
File: amsgen.sty 1999/11/30 v2.0
\@emptytoks=\toks28
\ex@=\dimen136
)) (/usr/local/texlive/2015/texmf-dist/tex/latex/amsmath/amsbsy.sty
Package: amsbsy 1999/11/29 v1.2d
\pmbraise@=\dimen137
) (/usr/local/texlive/2015/texmf-dist/tex/latex/amsmath/amsopn.sty
Package: amsopn 1999/12/14 v2.01 operator names
)
\inf@bad=\count121
LaTeX Info: Redefining \frac on input line 210.
\uproot@=\count122
\leftroot@=\count123
LaTeX Info: Redefining \overline on input line 306.
\classnum@=\count124
\DOTSCASE@=\count125
LaTeX Info: Redefining \ldots on input line 378.
LaTeX Info: Redefining \dots on input line 381.
LaTeX Info: Redefining \cdots on input line 466.
\Mathstrutbox@=\box39
\strutbox@=\box40
\big@size=\dimen138
LaTeX Font Info:    Redeclaring font encoding OML on input line 566.
LaTeX Font Info:    Redeclaring font encoding OMS on input line 567.
\macc@depth=\count126
\c@MaxMatrixCols=\count127
\dotsspace@=\muskip10
\c@parentequation=\count128
\dspbrk@lvl=\count129
\tag@help=\toks29
\row@=\count130
\column@=\count131
\maxfields@=\count132
\andhelp@=\toks30
\eqnshift@=\dimen139
\alignsep@=\dimen140
\tagshift@=\dimen141
\tagwidth@=\dimen142
\totwidth@=\dimen143
\lineht@=\dimen144
\@envbody=\toks31
\multlinegap=\skip67
\multlinetaggap=\skip68
\mathdisplay@stack=\toks32
LaTeX Info: Redefining \[ on input line 2665.
LaTeX Info: Redefining \] on input line 2666.
) (/usr/local/texlive/2015/texmf-dist/tex/latex/listings/lstlang1.sty
File: lstlang1.sty 2014/09/06 1.5e listings language file
) (/usr/local/texlive/2015/texmf-dist/tex/latex/listings/lstmisc.sty
File: lstmisc.sty 2014/09/06 1.5e (Carsten Heinz)
)
\c@definition=\count133

No file TSWLatexianTemp_000587.aux.
\openout1 = `TSWLatexianTemp_000587.aux'.

LaTeX Font Info:    Checking defaults for OML/cmm/m/it on input line 113.
LaTeX Font Info:    ... okay on input line 113.
LaTeX Font Info:    Checking defaults for T1/cmr/m/n on input line 113.
LaTeX Font Info:    ... okay on input line 113.
LaTeX Font Info:    Checking defaults for OT1/cmr/m/n on input line 113.
LaTeX Font Info:    ... okay on input line 113.
LaTeX Font Info:    Checking defaults for OMS/cmsy/m/n on input line 113.
LaTeX Font Info:    ... okay on input line 113.
LaTeX Font Info:    Checking defaults for OMX/cmex/m/n on input line 113.
LaTeX Font Info:    ... okay on input line 113.
LaTeX Font Info:    Checking defaults for U/cmr/m/n on input line 113.
LaTeX Font Info:    ... okay on input line 113.
(/usr/local/texlive/2015/texmf-dist/tex/context/base/supp-pdf.mkii
[Loading MPS to PDF converter (version 2006.09.02).]
\scratchcounter=\count134
\scratchdimen=\dimen145
\scratchbox=\box41
\nofMPsegments=\count135
\nofMParguments=\count136
\everyMPshowfont=\toks33
\MPscratchCnt=\count137
\MPscratchDim=\dimen146
\MPnumerator=\count138
\makeMPintoPDFobject=\count139
\everyMPtoPDFconversion=\toks34
) (/usr/local/texlive/2015/texmf-dist/tex/generic/oberdiek/pdftexcmds.sty
Package: pdftexcmds 2011/11/29 v0.20 Utility functions of pdfTeX for LuaTeX (HO)
 (/usr/local/texlive/2015/texmf-dist/tex/generic/oberdiek/ifluatex.sty
Package: ifluatex 2010/03/01 v1.3 Provides the ifluatex switch (HO)
Package ifluatex Info: LuaTeX not detected.
) (/usr/local/texlive/2015/texmf-dist/tex/generic/oberdiek/ifpdf.sty
Package: ifpdf 2011/01/30 v2.3 Provides the ifpdf switch (HO)
Package ifpdf Info: pdfTeX in PDF mode is detected.
)
Package pdftexcmds Info: LuaTeX not detected.
Package pdftexcmds Info: \pdf@primitive is available.
Package pdftexcmds Info: \pdf@ifprimitive is available.
Package pdftexcmds Info: \pdfdraftmode found.
) (/usr/local/texlive/2015/texmf-dist/tex/latex/oberdiek/epstopdf-base.sty
Package: epstopdf-base 2010/02/09 v2.5 Base part for package epstopdf
 (/usr/local/texlive/2015/texmf-dist/tex/latex/oberdiek/grfext.sty
Package: grfext 2010/08/19 v1.1 Manage graphics extensions (HO)
 (/usr/local/texlive/2015/texmf-dist/tex/generic/oberdiek/kvdefinekeys.sty
Package: kvdefinekeys 2011/04/07 v1.3 Define keys (HO)
)) (/usr/local/texlive/2015/texmf-dist/tex/latex/oberdiek/kvoptions.sty
Package: kvoptions 2011/06/30 v3.11 Key value format for package options (HO)
 (/usr/local/texlive/2015/texmf-dist/tex/generic/oberdiek/kvsetkeys.sty
Package: kvsetkeys 2012/04/25 v1.16 Key value parser (HO)
 (/usr/local/texlive/2015/texmf-dist/tex/generic/oberdiek/etexcmds.sty
Package: etexcmds 2011/02/16 v1.5 Avoid name clashes with e-TeX commands (HO)
Package etexcmds Info: Could not find \expanded.
(etexcmds)             That can mean that you are not using pdfTeX 1.50 or
(etexcmds)             that some package has redefined \expanded.
(etexcmds)             In the latter case, load this package earlier.
)))
Package grfext Info: Graphics extension search list:
(grfext)             [.png,.pdf,.jpg,.mps,.jpeg,.jbig2,.jb2,.PNG,.PDF,.JPG,.JPEG,.JBIG2,.JB2,.eps]
(grfext)             \AppendGraphicsExtensions on input line 452.
 (/usr/local/texlive/2015/texmf-dist/tex/latex/latexconfig/epstopdf-sys.cfg
File: epstopdf-sys.cfg 2010/07/13 v1.3 Configuration of (r)epstopdf for TeX Live
))
\c@lstlisting=\count140
Package caption Info: Begin \AtBeginDocument code.
Package caption Info: subfig package v1.3 is loaded.
Package caption Info: float package is loaded.
Package caption Info: longtable package is loaded.
 (/usr/local/texlive/2015/texmf-dist/tex/latex/caption/ltcaption.sty
Package: ltcaption 2013/02/03 v1.3-62 longtable captions (AR)
)
Package caption Info: supertabular package is loaded.
Package caption Info: End \AtBeginDocument code.
LaTeX Font Info:    Try loading font information for U+msa on input line 209.
 (/usr/local/texlive/2015/texmf-dist/tex/latex/amsfonts/umsa.fd
File: umsa.fd 2013/01/14 v3.01 AMS symbols A
)
LaTeX Font Info:    Try loading font information for U+msb on input line 209.
 (/usr/local/texlive/2015/texmf-dist/tex/latex/amsfonts/umsb.fd
File: umsb.fd 2013/01/14 v3.01 AMS symbols B
)

Package natbib Warning: Citation `al2013comprehensive' on page 1 undefined on input line 261.


Package natbib Warning: Citation `ieee11802' on page 1 undefined on input line 261.

[1


{/usr/local/texlive/2015/texmf-var/fonts/map/pdftex/updmap/pdftex.map}]

Package natbib Warning: Citation `gillani2013survey' on page 2 undefined on input line 265.


Package natbib Warning: Citation `mix-zone-vanets' on page 2 undefined on input line 269.


Package natbib Warning: Citation `haas2010impact' on page 2 undefined on input line 269.


Package natbib Warning: Citation `keys-distro1' on page 2 undefined on input line 275.


Package natbib Warning: Citation `keys-distro2-thesis' on page 2 undefined on input line 275.


Package natbib Warning: Citation `keys-distro8' on page 2 undefined on input line 275.


Package natbib Warning: Citation `calandriello2007efficient' on page 2 undefined on input line 275.


Package natbib Warning: Citation `sun2010efficient' on page 2 undefined on input line 275.


Package natbib Warning: Citation `mix-zone' on page 2 undefined on input line 275.


Package natbib Warning: Citation `lu2012pseudonym' on page 2 undefined on input line 275.


Package natbib Warning: Citation `mix-zone-vanets' on page 2 undefined on input line 275.


Package natbib Warning: Citation `buttyan2007effectiveness' on page 2 undefined on input line 275.


Package natbib Warning: Citation `caravan' on page 2 undefined on input line 275.


Package natbib Warning: Citation `buttyan2009slow' on page 2 undefined on input line 275.


Package natbib Warning: Citation `mix-zone-motion' on page 2 undefined on input line 275.


Package natbib Warning: Citation `sybil' on page 2 undefined on input line 277.


Package natbib Warning: Citation `sybil-impact3' on page 2 undefined on input line 279.


Package natbib Warning: Citation `sybil-impact2' on page 2 undefined on input line 279.


Package natbib Warning: Citation `sybil-attack-impact-routing1' on page 2 undefined on input line 279.


Package natbib Warning: Citation `keys-distro4' on page 2 undefined on input line 299.


Package natbib Warning: Citation `keys-distro7' on page 2 undefined on input line 299.


Package natbib Warning: Citation `profile-generation1' on page 2 undefined on input line 299.


Package natbib Warning: Citation `rsu-placement1' on page 2 undefined on input line 299.

[2]

Package natbib Warning: Citation `group-sign' on page 3 undefined on input line 303.


Package natbib Warning: Citation `k-anonymity' on page 3 undefined on input line 303.

LaTeX Font Info:    Try loading font information for OMS+cmr on input line 310.
(/usr/local/texlive/2015/texmf-dist/tex/latex/base/omscmr.fd
File: omscmr.fd 2014/09/29 v2.5h Standard LaTeX font definitions
)
LaTeX Font Info:    Font shape `OMS/cmr/m/n' in size <12> not available
(Font)              Font shape `OMS/cmsy/m/n' tried instead on input line 310.


LaTeX Warning: Reference `sec:solution' on page 3 undefined on input line 317.


LaTeX Warning: Reference `sec:results' on page 3 undefined on input line 317.


LaTeX Warning: Reference `sec:related' on page 3 undefined on input line 317.


LaTeX Warning: Reference `sec:conclusion' on page 3 undefined on input line 317.

[3]

LaTeX Warning: Reference `tab:nomenclature' on page 4 undefined on input line 332.


Underfull \hbox (badness 4673) in paragraph at lines 356--357
[]|\OT1/cmr/m/it/12 a\OT1/cmr/m/n/12 's set of tem-po-rary pub-lic/pri-vate key pairs
 []

[4]

Package natbib Warning: Citation `privacytecterminology1' on page 5 undefined on input line 388.


LaTeX Warning: Reference `sec:phase1' on page 5 undefined on input line 388.


LaTeX Warning: Reference `fig:vehicle-registration' on page 5 undefined on input line 393.


Package natbib Warning: Citation `group-sign' on page 5 undefined on input line 393.

<figures/registro-veiculo-en.jpg, id=29, 764.8575pt x 219.82124pt>
File: figures/registro-veiculo-en.jpg Graphic file (type jpg)
 <use figures/registro-veiculo-en.jpg>
Package pdftex.def Info: figures/registro-veiculo-en.jpg used on input line 400.
(pdftex.def)             Requested size: 289.0733pt x 79.49448pt.


LaTeX Warning: Reference `fig:multilevel-arch' on page 5 undefined on input line 405.

[5]

LaTeX Warning: Command \textless invalid in math mode on input line 410.

LaTeX Font Info:    Try loading font information for OML+cmr on input line 410.
(/usr/local/texlive/2015/texmf-dist/tex/latex/base/omlcmr.fd
File: omlcmr.fd 2014/09/29 v2.5h Standard LaTeX font definitions
)
LaTeX Font Info:    Font shape `OML/cmr/m/n' in size <12> not available
(Font)              Font shape `OML/cmm/m/it' tried instead on input line 410.


LaTeX Warning: Command \textless invalid in math mode on input line 410.


LaTeX Warning: Command \textless invalid in math mode on input line 410.


LaTeX Warning: Command \textless invalid in math mode on input line 410.


Overfull \hbox (23.1067pt too wide) in paragraph at lines 419--420
\OML/cmm/m/it/12 CERT[]$ \OT1/cmr/m/n/12 of ano-ny-mity set dig-i-tal cer-tifi-cates ($\OML/cmm/m/it/12 CERT[] \OMS/cmsy/m/n/12 ^^R \OML/cmm/m/it/12 CERT[]$\OT1/cmr/m/n/12 )
 []

[6 <./figures/registro-veiculo-en.jpg>] <figures/vehicle-groups3-en.jpg, id=39, 1275.76625pt x 363.3575pt>
File: figures/vehicle-groups3-en.jpg Graphic file (type jpg)
 <use figures/vehicle-groups3-en.jpg>
Package pdftex.def Info: figures/vehicle-groups3-en.jpg used on input line 427.
(pdftex.def)             Requested size: 397.48851pt x 93.94954pt.

Overfull \hbox (7.48851pt too wide) in paragraph at lines 427--428
 [][] 
 []


LaTeX Warning: Reference `fig:renewalprotocol' on page 7 undefined on input line 445.

<figures/asapvrenewalprotocol.jpg, id=40, 343.2825pt x 234.8775pt>
File: figures/asapvrenewalprotocol.jpg Graphic file (type jpg)
 <use figures/asapvrenewalprotocol.jpg>
Package pdftex.def Info: figures/asapvrenewalprotocol.jpg used on input line 449.
(pdftex.def)             Requested size: 154.4757pt x 105.6939pt.
 [7 <./figures/vehicle-groups3-en.jpg> <./figures/asapvrenewalprotocol.jpg>]

Package natbib Warning: Citation `replay-attack' on page 8 undefined on input line 457.


LaTeX Warning: Reference `eq:etapa21' on page 8 undefined on input line 457.


LaTeX Warning: Reference `sec:phase4' on page 8 undefined on input line 457.


Overfull \hbox (33.50494pt too wide) detected at line 462
\OML/cmm/m/it/12 Verify\OT1/cmr/m/n/12 (\OML/cmm/m/it/12 gpk; ^^[; payload[]\OT1/cmr/m/n/12 ) = \OML/cmm/m/it/12 valid \OMS/cmsy/m/n/12 $ \OML/cmm/m/it/12 grt[] [] RL \OMS/cmsy/m/n/12 ^ \OT1/cmr/m/n/12 ([] \OMS/cmsy/m/n/12 ^^@ \OML/cmm/m/it/12 tmp[] \OMS/cmsy/m/n/12 ^^T \OML/cmm/m/it/12 threshold[]\OT1/cmr/m/n/12 )
 []

[8]

Package natbib Warning: Citation `schneider1998verifying' on page 9 undefined on input line 492.


LaTeX Warning: Reference `sec:authenticationCorrectness' on page 9 undefined on input line 492.


Underfull \hbox (badness 10000) in paragraph at lines 494--496

 []


Overfull \hbox (95.62363pt too wide) in paragraph at lines 507--509
[][] 
 []


Underfull \hbox (badness 10000) in paragraph at lines 507--509

 []


Underfull \hbox (badness 10000) in paragraph at lines 510--512

 []

[9]
Underfull \hbox (badness 10000) in paragraph at lines 516--516

 []


Overfull \hbox (128.56891pt too wide) in paragraph at lines 513--518
[]$\OML/cmm/m/it/12 V[] \OT1/cmr/m/n/12 =$ [] 
 []


Underfull \hbox (badness 10000) in paragraph at lines 513--518

 []


Underfull \hbox (badness 10000) in paragraph at lines 521--523

 []


Overfull \hbox (95.62363pt too wide) in paragraph at lines 534--536
[][] 
 []


Underfull \hbox (badness 10000) in paragraph at lines 534--536

 []


Underfull \hbox (badness 10000) in paragraph at lines 537--539

 []


Underfull \hbox (badness 10000) in paragraph at lines 540--542

 []

[10]

LaTeX Warning: Reference `fig:msg-format' on page 11 undefined on input line 549.


LaTeX Warning: Reference `sec:sybildetec' on page 11 undefined on input line 549.

<figures/message-format.jpg, id=58, 750.805pt x 129.48375pt>
File: figures/message-format.jpg Graphic file (type jpg)
 <use figures/message-format.jpg>
Package pdftex.def Info: figures/message-format.jpg used on input line 553.
(pdftex.def)             Requested size: 322.83986pt x 55.67691pt.


Package natbib Warning: Citation `lu2012pseudonym' on page 11 undefined on input line 558.


Package natbib Warning: Citation `mix-zone-vanets' on page 11 undefined on input line 558.


Package natbib Warning: Citation `buttyan2007effectiveness' on page 11 undefined on input line 558.


Package natbib Warning: Citation `caravan' on page 11 undefined on input line 558.


Package natbib Warning: Citation `buttyan2009slow' on page 11 undefined on input line 558.


Package natbib Warning: Citation `mix-zone-motion' on page 11 undefined on input line 558.

[11 <./figures/message-format.jpg>]

Package natbib Warning: Citation `p2dap2' on page 12 undefined on input line 611.


LaTeX Warning: Reference `eq:sybil-detection-eq' on page 12 undefined on input line 614.


LaTeX Warning: Reference `eq:sybil-detection-eq' on page 12 undefined on input line 621.

<figures/cenario-sybil-5-execution-en.png, id=62, 819.5418pt x 473.6094pt>
File: figures/cenario-sybil-5-execution-en.png Graphic file (type png)
 <use figures/cenario-sybil-5-execution-en.png>
Package pdftex.def Info: figures/cenario-sybil-5-execution-en.png used on input line 633.
(pdftex.def)             Requested size: 325.215pt x 187.93726pt.


LaTeX Warning: `h' float specifier changed to `ht'.


LaTeX Warning: Reference `fig:sybildetectionexecution' on page 12 undefined on input line 639.

[12]

LaTeX Warning: Reference `eq:sybil-detection-eq' on page 13 undefined on input line 643.


LaTeX Warning: Reference `sec:phase4' on page 13 undefined on input line 643.

[13 <./figures/cenario-sybil-5-execution-en.png>]

LaTeX Warning: Reference `eq:wait-time' on page 14 undefined on input line 645.


LaTeX Warning: Reference `eq:wait-time' on page 14 undefined on input line 654.


LaTeX Warning: Reference `eq:wait-time' on page 14 undefined on input line 654.


LaTeX Warning: Reference `fig:first-level-signaling-message' on page 14 undefined on input line 667.

[14] <figures/signiling-message-scenario.jpg, id=75, 748.7975pt x 230.8625pt>
File: figures/signiling-message-scenario.jpg Graphic file (type jpg)
 <use figures/signiling-message-scenario.jpg>
Package pdftex.def Info: figures/signiling-message-scenario.jpg used on input line 671.
(pdftex.def)             Requested size: 284.546pt x 87.72865pt.
 [15 <./figures/signiling-message-scenario.jpg>]

LaTeX Warning: Reference `eq:estimatepower1' on page 16 undefined on input line 702.


LaTeX Warning: Reference `eq:estimatepower2' on page 16 undefined on input line 702.


Overfull \hbox (15.68875pt too wide) in paragraph at lines 719--720
\OT1/cmr/m/n/12 ($[]$, $[]$, $[]$, $[]$, $[]$), $\OML/cmm/m/it/12 ^^[ \OT1/cmr/m/n/12 = \OML/cmm/m/it/12 Sign\OT1/cmr/m/n/12 (\OML/cmm/m/it/12 gpk; gsk[]; d\OT1/cmr/m/n/12 )$,
 []


LaTeX Warning: Reference `eq:traceall' on page 16 undefined on input line 726.

[16]

Package natbib Warning: Citation `elliptic-curve' on page 17 undefined on input line 755.


Package natbib Warning: Citation `libert2012group' on page 17 undefined on input line 755.


Package natbib Warning: Citation `p2dap2' on page 17 undefined on input line 755.


Package natbib Warning: Citation `p2dap' on page 17 undefined on input line 755.

[17] [18]

LaTeX Warning: Reference `sec:phase2' on page 19 undefined on input line 834.


Package natbib Warning: Citation `schneider1996security' on page 19 undefined on input line 834.

[19]

Package natbib Warning: Citation `schneider1998verifying' on page 20 undefined on input line 844.


LaTeX Warning: Reference `eq:run_before_commit' on page 20 undefined on input line 854.


Overfull \hbox (6.77788pt too wide) in paragraph at lines 862--862
[] 
 []


LaTeX Warning: Reference `eq:systemsatisfystop' on page 20 undefined on input line 864.

[20]
Overfull \hbox (3.86221pt too wide) detected at line 885
\OML/cmm/m/it/12 P [][] []^^Z \OMS/cmsy/m/n/12 , 8 []\OML/cmm/m/it/12 tr \OMS/cmsy/m/n/12 2 \OML/cmm/m/it/12 traces\OT1/cmr/m/n/12 (\OML/cmm/m/it/12 P\OT1/cmr/m/n/12 ) \OMS/cmsy/m/n/12 ^^A \OML/cmm/m/it/12 ^^Z\OT1/cmr/m/n/12 (\OML/cmm/m/it/12 tr \OMS/cmsy/m/n/12 + \OML/cmm/m/it/12 receive\OT1/cmr/m/n/12 ) \OML/cmm/m/it/12 > \OT1/cmr/m/n/12 0 \OMS/cmsy/m/n/12 ) \OML/cmm/m/it/12 ^^Z\OT1/cmr/m/n/12 (\OML/cmm/m/it/12 tr \OMS/cmsy/m/n/12 + \OML/cmm/m/it/12 send\OT1/cmr/m/n/12 ) \OML/cmm/m/it/12 > \OT1/cmr/m/n/12 0
 []


LaTeX Warning: Reference `fig:rankfunction' on page 21 undefined on input line 889.

[21] <figures/rankfunctionvalues.jpg, id=103, 825.0825pt x 276.03125pt>
File: figures/rankfunctionvalues.jpg Graphic file (type jpg)
 <use figures/rankfunctionvalues.jpg>
Package pdftex.def Info: figures/rankfunctionvalues.jpg used on input line 893.
(pdftex.def)             Requested size: 284.52788pt x 113.81374pt.

Overfull \hbox (11.67415pt too wide) in paragraph at lines 906--907
\OML/cmm/m/it/12 Commit[]RSU:rsu[]:v[]:uuid[] \OMS/cmsy/m/n/12 2 \OML/cmm/m/it/12 T$ \OT1/cmr/m/n/12 and $\OML/cmm/m/it/12 Commit[]Vehicle:v[]:rsu[]:uuid[] \OMS/cmsy/m/n/12 2
 []

[22 <./figures/rankfunctionvalues.jpg>]
Overfull \hbox (13.84164pt too wide) in paragraph at lines 908--909
\OML/cmm/m/it/12 Running[]Vehicle:v[]:rsu:uuid[] \OMS/cmsy/m/n/12 2 \OML/cmm/m/it/12 R$ \OT1/cmr/m/n/12 and $\OML/cmm/m/it/12 Running[]RSU:rsu[]:v[]:uuid[] \OMS/cmsy/m/n/12 2
 []


Overfull \hbox (53.44011pt too wide) in paragraph at lines 911--918
[]$\OML/cmm/m/it/12 Vehicle[][] [][] \OT1/cmr/m/n/12 =$ [] 
 []


Underfull \hbox (badness 10000) in paragraph at lines 911--918

 []


Underfull \hbox (badness 10000) in paragraph at lines 919--922

 []


Overfull \hbox (53.23938pt too wide) in paragraph at lines 923--931
[]$\OML/cmm/m/it/12 RoadSide[][] [][] \OT1/cmr/m/n/12 =$ [] 
 []


Underfull \hbox (badness 10000) in paragraph at lines 923--931

 []

[23]

LaTeX Warning: Reference `eq:systemsatisfystop' on page 24 undefined on input line 934.


Package natbib Warning: Citation `diaz2002information' on page 24 undefined on input line 1076.


LaTeX Warning: Reference `eq:maximumentropy' on page 24 undefined on input line 1080.


LaTeX Warning: Reference `eq:entropyafterattack' on page 24 undefined on input line 1087.


LaTeX Warning: Reference `eq:anonymityequation' on page 24 undefined on input line 1094.

[24]

LaTeX Warning: Reference `tab:degreeresults' on page 25 undefined on input line 1103.

[25]

LaTeX Warning: Reference `tab:simulation-parameters' on page 26 undefined on input line 1147.

[26]

LaTeX Warning: Reference `fig:resultados-nao-sybil' on page 27 undefined on input line 1177.


LaTeX Warning: Reference `fig:resultados-sybil' on page 27 undefined on input line 1177.


Package natbib Warning: Citation `sommer2011traffic' on page 27 undefined on input line 1177.

<figures/grafico-resultados-nao-sybil-100-en-final.jpg, id=120, 578.16pt x 433.62pt>
File: figures/grafico-resultados-nao-sybil-100-en-final.jpg Graphic file (type jpg)
 <use figures/grafico-resultados-nao-sybil-100-en-final.jpg>
Package pdftex.def Info: figures/grafico-resultados-nao-sybil-100-en-final.jpg used on input line 1192.
(pdftex.def)             Requested size: 161.8837pt x 121.41277pt.
 <figures/grafico-resultados-nao-sybil-200-en-final.jpg, id=121, 578.16pt x 433.62pt>
File: figures/grafico-resultados-nao-sybil-200-en-final.jpg Graphic file (type jpg)
 <use figures/grafico-resultados-nao-sybil-200-en-final.jpg>
Package pdftex.def Info: figures/grafico-resultados-nao-sybil-200-en-final.jpg used on input line 1193.
(pdftex.def)             Requested size: 161.8837pt x 121.41277pt.
 <figures/grafico-resultados-nao-sybil-300-en-final.jpg, id=122, 578.16pt x 433.62pt>
File: figures/grafico-resultados-nao-sybil-300-en-final.jpg Graphic file (type jpg)
 <use figures/grafico-resultados-nao-sybil-300-en-final.jpg>
Package pdftex.def Info: figures/grafico-resultados-nao-sybil-300-en-final.jpg used on input line 1194.
(pdftex.def)             Requested size: 161.8837pt x 121.41277pt.


LaTeX Warning: Reference `fig:grafico-resultados-nao-sybil-100-en' on page 27 undefined on input line 1199.


LaTeX Warning: Reference `fig:grafico-resultados-nao-sybil-200-en' on page 27 undefined on input line 1199.


LaTeX Warning: Reference `fig:grafico-resultados-nao-sybil-300-en' on page 27 undefined on input line 1199.

[27 <./figures/grafico-resultados-nao-sybil-100-en-final.jpg> <./figures/grafico-resultados-nao-sybil-200-en-final.jpg> <./figures/grafico-resultados-nao-sybil-300-en-final.jpg>] <figures/grafico-resultados-sybil-100-en-final.jpg, id=126, 578.16pt x 433.62pt>
File: figures/grafico-resultados-sybil-100-en-final.jpg Graphic file (type jpg)
 <use figures/grafico-resultados-sybil-100-en-final.jpg>
Package pdftex.def Info: figures/grafico-resultados-sybil-100-en-final.jpg used on input line 1203.
(pdftex.def)             Requested size: 161.8837pt x 121.41277pt.
 <figures/grafico-resultados-sybil-200-en-final.jpg, id=127, 578.16pt x 433.62pt>
File: figures/grafico-resultados-sybil-200-en-final.jpg Graphic file (type jpg)
 <use figures/grafico-resultados-sybil-200-en-final.jpg>
Package pdftex.def Info: figures/grafico-resultados-sybil-200-en-final.jpg used on input line 1204.
(pdftex.def)             Requested size: 161.8837pt x 121.41277pt.
 <figures/grafico-resultados-sybil-300-en-final.jpg, id=128, 578.16pt x 433.62pt>
File: figures/grafico-resultados-sybil-300-en-final.jpg Graphic file (type jpg)
 <use figures/grafico-resultados-sybil-300-en-final.jpg>
Package pdftex.def Info: figures/grafico-resultados-sybil-300-en-final.jpg used on input line 1205.
(pdftex.def)             Requested size: 161.8837pt x 121.41277pt.


LaTeX Warning: Reference `fig:grafico-resultados-sybil-100-en' on page 28 undefined on input line 1210.


LaTeX Warning: Reference `fig:grafico-resultados-sybil-200-en' on page 28 undefined on input line 1210.


LaTeX Warning: Reference `fig:grafico-resultados-sybil-300-en' on page 28 undefined on input line 1210.


LaTeX Warning: Reference `eq:wait-time' on page 28 undefined on input line 1210.

[28 <./figures/grafico-resultados-sybil-100-en-final.jpg> <./figures/grafico-resultados-sybil-200-en-final.jpg> <./figures/grafico-resultados-sybil-300-en-final.jpg>]

Package natbib Warning: Citation `lin2007gsis' on page 29 undefined on input line 1240.


Package natbib Warning: Citation `wu2010balanced' on page 29 undefined on input line 1242.

[29]

Package natbib Warning: Citation `p2dap2' on page 30 undefined on input line 1248.


Package natbib Warning: Citation `p2dap' on page 30 undefined on input line 1248.


Package natbib Warning: Citation `sybil-time-space1' on page 30 undefined on input line 1256.


Package natbib Warning: Citation `sybil-time-stamp1' on page 30 undefined on input line 1256.


Package natbib Warning: Citation `sybil-time-stamp1' on page 30 undefined on input line 1256.


Package natbib Warning: Citation `sybil-neighborhood1' on page 30 undefined on input line 1260.


Package natbib Warning: Citation `sybil-neighborhood3' on page 30 undefined on input line 1260.


Package natbib Warning: Citation `sybil-neighborhood2' on page 30 undefined on input line 1260.


LaTeX Warning: Reference `tab:comparison' on page 30 undefined on input line 1262.

[30]
Overfull \hbox (8.01247pt too wide) in paragraph at lines 1268--1268
[]|$[]$| 
 []


Overfull \hbox (8.22739pt too wide) in paragraph at lines 1268--1268
[]|$[]$| 
 []


Overfull \hbox (5.84198pt too wide) in paragraph at lines 1268--1268
[]|$[]$| 
 []


Overfull \hbox (4.93265pt too wide) in paragraph at lines 1268--1268
[]|$[]$| 
 []


Overfull \hbox (20.53003pt too wide) in paragraph at lines 1268--1269
[]|$[]$| 
 []


Overfull \hbox (8.01247pt too wide) in paragraph at lines 1274--1274
[]|$[]$| 
 []


Overfull \hbox (8.22739pt too wide) in paragraph at lines 1274--1274
[]|$[]$| 
 []


Overfull \hbox (5.84198pt too wide) in paragraph at lines 1274--1274
[]|$[]$| 
 []


Overfull \hbox (4.93265pt too wide) in paragraph at lines 1274--1274
[]|$[]$| 
 []


Overfull \hbox (20.53003pt too wide) in paragraph at lines 1274--1275
[]|$[]$| 
 []


Overfull \hbox (0.73471pt too wide) in paragraph at lines 1282--1282
[]|\OT1/cmr/m/n/12 Our| 
 []


Package natbib Warning: Citation `p2dap2' on page 31 undefined on input line 1283.


Package natbib Warning: Citation `sybil-time-space1' on page 31 undefined on input line 1284.


Package natbib Warning: Citation `sybil-time-space2' on page 31 undefined on input line 1285.


Package natbib Warning: Citation `sybil-time-stamp1' on page 31 undefined on input line 1286.


Package natbib Warning: Citation `sybil-neighborhood2' on page 31 undefined on input line 1287.


Overfull \hbox (5.84196pt too wide) in paragraph at lines 1287--1287
[]|\OT1/cmr/m/n/12 Beacon| 
 []


Package natbib Warning: Citation `sybil-neighborhood3' on page 31 undefined on input line 1288.


Overfull \hbox (5.84196pt too wide) in paragraph at lines 1288--1288
[]|\OT1/cmr/m/n/12 Beacon| 
 []

[31]
No file TSWLatexianTemp_000587.bbl.

Package natbib Warning: There were undefined citations.

[32] (./TSWLatexianTemp_000587.aux)

LaTeX Warning: There were undefined references.


LaTeX Warning: Label(s) may have changed. Rerun to get cross-references right.

 ) 
Here is how much of TeX's memory you used:
 6140 strings out of 493089
 91021 string characters out of 6134841
 184284 words of memory out of 5000000
 9482 multiletter control sequences out of 15000+600000
 16732 words of font info for 62 fonts, out of 8000000 for 9000
 1143 hyphenation exceptions out of 8191
 44i,17n,47p,1566b,389s stack positions out of 5000i,500n,10000p,200000b,80000s
</usr/local/texlive/2015/texmf-dist/fonts/type1/public/amsfonts/cm/cmbx12.pfb></usr/local/texlive/2015/texmf-dist/fonts/type1/public/amsfonts/cm/cmbx6.pfb></usr/local/texlive/2015/texmf-dist/fonts/type1/public/amsfonts/cm/cmex10.pfb></usr/local/texlive/2015/texmf-dist/fonts/type1/public/amsfonts/cm/cmmi10.pfb></usr/local/texlive/2015/texmf-dist/fonts/type1/public/amsfonts/cm/cmmi12.pfb></usr/local/texlive/2015/texmf-dist/fonts/type1/public/amsfonts/cm/cmmi6.pfb></usr/local/texlive/2015/texmf-dist/fonts/type1/public/amsfonts/cm/cmmi7.pfb></usr/local/texlive/2015/texmf-dist/fonts/type1/public/amsfonts/cm/cmmi8.pfb></usr/local/texlive/2015/texmf-dist/fonts/type1/public/amsfonts/cm/cmmib10.pfb></usr/local/texlive/2015/texmf-dist/fonts/type1/public/amsfonts/cmextra/cmmib6.pfb></usr/local/texlive/2015/texmf-dist/fonts/type1/public/amsfonts/cmextra/cmmib8.pfb></usr/local/texlive/2015/texmf-dist/fonts/type1/public/amsfonts/cm/cmr10.pfb></usr/local/texlive/2015/texmf-dist/fonts/type1/public/amsfonts/cm/cmr12.pfb></usr/local/texlive/2015/texmf-dist/fonts/type1/public/amsfonts/cm/cmr17.pfb></usr/local/texlive/2015/texmf-dist/fonts/type1/public/amsfonts/cm/cmr6.pfb></usr/local/texlive/2015/texmf-dist/fonts/type1/public/amsfonts/cm/cmr7.pfb></usr/local/texlive/2015/texmf-dist/fonts/type1/public/amsfonts/cm/cmr8.pfb></usr/local/texlive/2015/texmf-dist/fonts/type1/public/amsfonts/cm/cmsy10.pfb></usr/local/texlive/2015/texmf-dist/fonts/type1/public/amsfonts/cm/cmsy6.pfb></usr/local/texlive/2015/texmf-dist/fonts/type1/public/amsfonts/cm/cmsy7.pfb></usr/local/texlive/2015/texmf-dist/fonts/type1/public/amsfonts/cm/cmsy8.pfb></usr/local/texlive/2015/texmf-dist/fonts/type1/public/amsfonts/cm/cmti10.pfb></usr/local/texlive/2015/texmf-dist/fonts/type1/public/amsfonts/cm/cmti12.pfb></usr/local/texlive/2015/texmf-dist/fonts/type1/public/amsfonts/cm/cmti7.pfb></usr/local/texlive/2015/texmf-dist/fonts/type1/public/amsfonts/symbols/msam10.pfb></usr/local/texlive/2015/texmf-dist/fonts/type1/public/amsfonts/symbols/msbm10.pfb>
Output written on TSWLatexianTemp_000587.pdf (32 pages, 1354431 bytes).
PDF statistics:
 227 PDF objects out of 1000 (max. 8388607)
 151 compressed objects within 2 object streams
 0 named destinations out of 1000 (max. 500000)
 66 words of extra memory for PDF output out of 10000 (max. 10000000)

